<?xml version="1.0"?>
<?xml-stylesheet type="text/xsl" href="configuration.xsl"?>

<!-- Put site-specific property overrides in this file. -->

<configuration>
<property>
<name>mapreduce.map.output.collector.delegator.class</name>
<value>org.apache.hadoop.mapred.nativetask.NativeMapOutputCollectorDelegator</value>
</property>
</configuration>
